<?xml version="1.0" encoding="UTF-8"?>
<coverage generated="1768839580796" clover="3.2.0">
  <project timestamp="1768839580796" name="All files">
    <metrics statements="136" coveredstatements="124" conditionals="131" coveredconditionals="116" methods="16" coveredmethods="15" elements="283" coveredelements="255" complexity="0" loc="136" ncloc="136" packages="1" files="1" classes="1"/>
    <file name="fuel-moisture-calculator.js" path="/home/runner/work/fuel-moisture-calculator/fuel-moisture-calculator/fuel-moisture-calculator.js">
      <metrics statements="136" coveredstatements="124" conditionals="131" coveredconditionals="116" methods="16" coveredmethods="15"/>
      <line num="22" count="252" type="stmt"/>
      <line num="23" count="252" type="stmt"/>
      <line num="25" count="252" type="cond" truecount="4" falsecount="0"/>
      <line num="26" count="2" type="stmt"/>
      <line num="30" count="250" type="stmt"/>
      <line num="34" count="250" type="stmt"/>
      <line num="36" count="250" type="stmt"/>
      <line num="51" count="258" type="stmt"/>
      <line num="52" count="258" type="stmt"/>
      <line num="53" count="258" type="stmt"/>
      <line num="54" count="258" type="stmt"/>
      <line num="56" count="258" type="cond" truecount="5" falsecount="1"/>
      <line num="57" count="0" type="stmt"/>
      <line num="60" count="258" type="cond" truecount="2" falsecount="0"/>
      <line num="61" count="2" type="stmt"/>
      <line num="65" count="256" type="stmt"/>
      <line num="67" count="256" type="stmt"/>
      <line num="77" count="3" type="stmt"/>
      <line num="78" count="3" type="cond" truecount="1" falsecount="1"/>
      <line num="79" count="0" type="stmt"/>
      <line num="81" count="3" type="stmt"/>
      <line num="91" count="3" type="stmt"/>
      <line num="92" count="3" type="cond" truecount="1" falsecount="1"/>
      <line num="93" count="0" type="stmt"/>
      <line num="95" count="3" type="stmt"/>
      <line num="114" count="4" type="stmt"/>
      <line num="115" count="4" type="stmt"/>
      <line num="117" count="4" type="cond" truecount="3" falsecount="1"/>
      <line num="118" count="0" type="stmt"/>
      <line num="121" count="4" type="cond" truecount="4" falsecount="0"/>
      <line num="122" count="1" type="stmt"/>
      <line num="125" count="3" type="stmt"/>
      <line num="126" count="3" type="stmt"/>
      <line num="127" count="3" type="stmt"/>
      <line num="128" count="3" type="stmt"/>
      <line num="129" count="3" type="stmt"/>
      <line num="131" count="3" type="stmt"/>
      <line num="132" count="6" type="stmt"/>
      <line num="133" count="6" type="stmt"/>
      <line num="134" count="6" type="stmt"/>
      <line num="136" count="6" type="cond" truecount="4" falsecount="1"/>
      <line num="137" count="0" type="stmt"/>
      <line num="140" count="6" type="stmt"/>
      <line num="141" count="6" type="stmt"/>
      <line num="142" count="6" type="stmt"/>
      <line num="144" count="6" type="cond" truecount="2" falsecount="0"/>
      <line num="147" count="6" type="cond" truecount="4" falsecount="0"/>
      <line num="148" count="1" type="stmt"/>
      <line num="150" count="6" type="cond" truecount="4" falsecount="0"/>
      <line num="151" count="1" type="stmt"/>
      <line num="154" count="6" type="stmt"/>
      <line num="164" count="6" type="cond" truecount="2" falsecount="0"/>
      <line num="165" count="1" type="stmt"/>
      <line num="168" count="6" type="stmt"/>
      <line num="171" count="3" type="stmt"/>
      <line num="192" count="2" type="stmt"/>
      <line num="193" count="2" type="cond" truecount="5" falsecount="0"/>
      <line num="194" count="1" type="stmt"/>
      <line num="196" count="1" type="stmt"/>
      <line num="200" count="2" type="stmt"/>
      <line num="201" count="0" type="stmt"/>
      <line num="214" count="26" type="cond" truecount="4" falsecount="0"/>
      <line num="215" count="1" type="stmt"/>
      <line num="218" count="259" type="stmt"/>
      <line num="221" count="25" type="stmt"/>
      <line num="224" count="25" type="stmt"/>
      <line num="226" count="25" type="stmt"/>
      <line num="234" count="50" type="stmt"/>
      <line num="235" count="518" type="cond" truecount="5" falsecount="0"/>
      <line num="237" count="8" type="stmt"/>
      <line num="238" count="8" type="cond" truecount="4" falsecount="0"/>
      <line num="239" count="0" type="stmt"/>
      <line num="243" count="8" type="stmt"/>
      <line num="244" count="8" type="cond" truecount="4" falsecount="0"/>
      <line num="245" count="2" type="stmt"/>
      <line num="249" count="8" type="cond" truecount="4" falsecount="0"/>
      <line num="250" count="6" type="stmt"/>
      <line num="251" count="6" type="stmt"/>
      <line num="252" count="2" type="cond" truecount="2" falsecount="0"/>
      <line num="253" count="1" type="stmt"/>
      <line num="254" count="1" type="cond" truecount="1" falsecount="1"/>
      <line num="255" count="1" type="stmt"/>
      <line num="287" count="16" type="cond" truecount="3" falsecount="1"/>
      <line num="288" count="0" type="stmt"/>
      <line num="291" count="16" type="stmt"/>
      <line num="292" count="16" type="cond" truecount="5" falsecount="0"/>
      <line num="293" count="2" type="stmt"/>
      <line num="296" count="14" type="cond" truecount="4" falsecount="0"/>
      <line num="297" count="1" type="stmt"/>
      <line num="300" count="13" type="cond" truecount="4" falsecount="0"/>
      <line num="301" count="1" type="stmt"/>
      <line num="304" count="12" type="stmt"/>
      <line num="305" count="12" type="cond" truecount="4" falsecount="0"/>
      <line num="306" count="2" type="stmt"/>
      <line num="310" count="10" type="cond" truecount="2" falsecount="0"/>
      <line num="311" count="10" type="stmt"/>
      <line num="312" count="10" type="cond" truecount="2" falsecount="0"/>
      <line num="315" count="10" type="cond" truecount="1" falsecount="1"/>
      <line num="318" count="10" type="cond" truecount="1" falsecount="1"/>
      <line num="323" count="10" type="stmt"/>
      <line num="324" count="10" type="stmt"/>
      <line num="327" count="10" type="stmt"/>
      <line num="328" count="117" type="stmt"/>
      <line num="329" count="117" type="stmt"/>
      <line num="331" count="117" type="cond" truecount="3" falsecount="1"/>
      <line num="332" count="0" type="stmt"/>
      <line num="335" count="117" type="stmt"/>
      <line num="336" count="117" type="cond" truecount="1" falsecount="1"/>
      <line num="339" count="117" type="stmt"/>
      <line num="340" count="117" type="cond" truecount="2" falsecount="2"/>
      <line num="343" count="0" type="stmt"/>
      <line num="344" count="0" type="stmt"/>
      <line num="347" count="117" type="stmt"/>
      <line num="349" count="117" type="stmt"/>
      <line num="361" count="10" type="stmt"/>
      <line num="362" count="10" type="stmt"/>
      <line num="364" count="10" type="stmt"/>
      <line num="365" count="126" type="stmt"/>
      <line num="366" count="126" type="stmt"/>
      <line num="368" count="126" type="cond" truecount="3" falsecount="1"/>
      <line num="369" count="0" type="stmt"/>
      <line num="372" count="126" type="stmt"/>
      <line num="373" count="126" type="cond" truecount="1" falsecount="1"/>
      <line num="376" count="126" type="stmt"/>
      <line num="377" count="126" type="cond" truecount="4" falsecount="0"/>
      <line num="378" count="2" type="stmt"/>
      <line num="379" count="2" type="stmt"/>
      <line num="382" count="126" type="stmt"/>
      <line num="385" count="126" type="cond" truecount="4" falsecount="0"/>
      <line num="386" count="2" type="cond" truecount="2" falsecount="0"/>
      <line num="389" count="126" type="stmt"/>
      <line num="401" count="10" type="stmt"/>
      <line num="403" count="10" type="stmt"/>
      <line num="419" count="243" type="stmt"/>
      <line num="420" count="243" type="stmt"/>
      <line num="426" count="2" type="stmt"/>
    </file>
  </project>
</coverage>
