<?xml version="1.0" encoding="UTF-8"?>
<coverage generated="1768921748303" clover="3.2.0">
  <project timestamp="1768921748303" name="All files">
    <metrics statements="7" coveredstatements="6" conditionals="5" coveredconditionals="5" methods="2" coveredmethods="1" elements="14" coveredelements="12" complexity="0" loc="7" ncloc="7" packages="1" files="1" classes="1"/>
    <file name="fuel-moisture-calculator.js" path="/home/runner/work/fuel-moisture-calculator/fuel-moisture-calculator/fuel-moisture-calculator.js">
      <metrics statements="7" coveredstatements="6" conditionals="5" coveredconditionals="5" methods="2" coveredmethods="1"/>
      <line num="9" count="1" type="stmt"/>
      <line num="10" count="2" type="cond" truecount="5" falsecount="0"/>
      <line num="11" count="1" type="stmt"/>
      <line num="13" count="1" type="stmt"/>
      <line num="17" count="1" type="stmt"/>
      <line num="18" count="0" type="stmt"/>
      <line num="22" count="1" type="stmt"/>
    </file>
  </project>
</coverage>
