{"/home/runner/work/fuel-moisture-calculator/fuel-moisture-calculator/fuel-moisture-calculator.js": {"path":"/home/runner/work/fuel-moisture-calculator/fuel-moisture-calculator/fuel-moisture-calculator.js","statementMap":{"0":{"start":{"line":22,"column":14},"end":{"line":22,"column":27}},"1":{"start":{"line":23,"column":13},"end":{"line":23,"column":23}},"2":{"start":{"line":25,"column":4},"end":{"line":27,"column":5}},"3":{"start":{"line":26,"column":8},"end":{"line":26,"column":79}},"4":{"start":{"line":30,"column":4},"end":{"line":30,"column":40}},"5":{"start":{"line":34,"column":16},"end":{"line":34,"column":59}},"6":{"start":{"line":36,"column":4},"end":{"line":36,"column":50}},"7":{"start":{"line":51,"column":15},"end":{"line":51,"column":30}},"8":{"start":{"line":52,"column":15},"end":{"line":52,"column":26}},"9":{"start":{"line":53,"column":14},"end":{"line":53,"column":27}},"10":{"start":{"line":54,"column":16},"end":{"line":54,"column":31}},"11":{"start":{"line":56,"column":4},"end":{"line":58,"column":5}},"12":{"start":{"line":57,"column":8},"end":{"line":57,"column":69}},"13":{"start":{"line":60,"column":4},"end":{"line":62,"column":5}},"14":{"start":{"line":61,"column":8},"end":{"line":61,"column":57}},"15":{"start":{"line":65,"column":21},"end":{"line":65,"column":56}},"16":{"start":{"line":67,"column":4},"end":{"line":67,"column":42}},"17":{"start":{"line":77,"column":14},"end":{"line":77,"column":29}},"18":{"start":{"line":78,"column":4},"end":{"line":80,"column":5}},"19":{"start":{"line":79,"column":8},"end":{"line":79,"column":67}},"20":{"start":{"line":81,"column":4},"end":{"line":81,"column":24}},"21":{"start":{"line":91,"column":14},"end":{"line":91,"column":32}},"22":{"start":{"line":92,"column":4},"end":{"line":94,"column":5}},"23":{"start":{"line":93,"column":8},"end":{"line":93,"column":67}},"24":{"start":{"line":95,"column":4},"end":{"line":95,"column":26}},"25":{"start":{"line":114,"column":15},"end":{"line":114,"column":33}},"26":{"start":{"line":115,"column":16},"end":{"line":115,"column":35}},"27":{"start":{"line":117,"column":4},"end":{"line":119,"column":5}},"28":{"start":{"line":118,"column":8},"end":{"line":118,"column":78}},"29":{"start":{"line":121,"column":4},"end":{"line":123,"column":5}},"30":{"start":{"line":122,"column":8},"end":{"line":122,"column":74}},"31":{"start":{"line":125,"column":22},"end":{"line":125,"column":24}},"32":{"start":{"line":126,"column":23},"end":{"line":126,"column":26}},"33":{"start":{"line":127,"column":25},"end":{"line":127,"column":27}},"34":{"start":{"line":128,"column":30},"end":{"line":128,"column":34}},"35":{"start":{"line":129,"column":31},"end":{"line":129,"column":35}},"36":{"start":{"line":131,"column":4},"end":{"line":169,"column":7}},"37":{"start":{"line":132,"column":21},"end":{"line":132,"column":39}},"38":{"start":{"line":133,"column":19},"end":{"line":133,"column":35}},"39":{"start":{"line":134,"column":22},"end":{"line":134,"column":41}},"40":{"start":{"line":136,"column":8},"end":{"line":138,"column":9}},"41":{"start":{"line":137,"column":12},"end":{"line":137,"column":78}},"42":{"start":{"line":140,"column":20},"end":{"line":140,"column":40}},"43":{"start":{"line":141,"column":8},"end":{"line":141,"column":63}},"44":{"start":{"line":142,"column":8},"end":{"line":142,"column":66}},"45":{"start":{"line":144,"column":25},"end":{"line":144,"column":58}},"46":{"start":{"line":147,"column":8},"end":{"line":149,"column":9}},"47":{"start":{"line":148,"column":12},"end":{"line":148,"column":43}},"48":{"start":{"line":150,"column":8},"end":{"line":152,"column":9}},"49":{"start":{"line":151,"column":12},"end":{"line":151,"column":44}},"50":{"start":{"line":154,"column":23},"end":{"line":161,"column":9}},"51":{"start":{"line":164,"column":8},"end":{"line":166,"column":9}},"52":{"start":{"line":165,"column":12},"end":{"line":165,"column":37}},"53":{"start":{"line":168,"column":8},"end":{"line":168,"column":34}},"54":{"start":{"line":171,"column":4},"end":{"line":181,"column":6}},"55":{"start":{"line":192,"column":26},"end":{"line":197,"column":1}},"56":{"start":{"line":193,"column":4},"end":{"line":195,"column":5}},"57":{"start":{"line":194,"column":8},"end":{"line":194,"column":63}},"58":{"start":{"line":196,"column":4},"end":{"line":196,"column":73}},"59":{"start":{"line":200,"column":26},"end":{"line":202,"column":1}},"60":{"start":{"line":201,"column":4},"end":{"line":201,"column":16}},"61":{"start":{"line":214,"column":4},"end":{"line":216,"column":5}},"62":{"start":{"line":215,"column":8},"end":{"line":215,"column":27}},"63":{"start":{"line":218,"column":19},"end":{"line":218,"column":51}},"64":{"start":{"line":218,"column":41},"end":{"line":218,"column":49}},"65":{"start":{"line":221,"column":4},"end":{"line":221,"column":37}},"66":{"start":{"line":224,"column":4},"end":{"line":224,"column":35}},"67":{"start":{"line":226,"column":4},"end":{"line":226,"column":18}},"68":{"start":{"line":234,"column":4},"end":{"line":258,"column":5}},"69":{"start":{"line":234,"column":17},"end":{"line":234,"column":18}},"70":{"start":{"line":235,"column":8},"end":{"line":257,"column":9}},"71":{"start":{"line":237,"column":26},"end":{"line":237,"column":31}},"72":{"start":{"line":238,"column":12},"end":{"line":240,"column":13}},"73":{"start":{"line":239,"column":16},"end":{"line":239,"column":26}},"74":{"start":{"line":243,"column":26},"end":{"line":243,"column":31}},"75":{"start":{"line":244,"column":12},"end":{"line":246,"column":13}},"76":{"start":{"line":245,"column":16},"end":{"line":245,"column":26}},"77":{"start":{"line":249,"column":12},"end":{"line":256,"column":13}},"78":{"start":{"line":250,"column":31},"end":{"line":250,"column":66}},"79":{"start":{"line":251,"column":16},"end":{"line":251,"column":111}},"80":{"start":{"line":252,"column":19},"end":{"line":256,"column":13}},"81":{"start":{"line":253,"column":16},"end":{"line":253,"column":54}},"82":{"start":{"line":254,"column":19},"end":{"line":256,"column":13}},"83":{"start":{"line":255,"column":16},"end":{"line":255,"column":54}},"84":{"start":{"line":287,"column":4},"end":{"line":289,"column":5}},"85":{"start":{"line":288,"column":8},"end":{"line":288,"column":61}},"86":{"start":{"line":291,"column":28},"end":{"line":291,"column":58}},"87":{"start":{"line":292,"column":4},"end":{"line":294,"column":5}},"88":{"start":{"line":293,"column":8},"end":{"line":293,"column":83}},"89":{"start":{"line":296,"column":4},"end":{"line":298,"column":5}},"90":{"start":{"line":297,"column":8},"end":{"line":297,"column":76}},"91":{"start":{"line":300,"column":4},"end":{"line":302,"column":5}},"92":{"start":{"line":301,"column":8},"end":{"line":301,"column":75}},"93":{"start":{"line":304,"column":20},"end":{"line":304,"column":42}},"94":{"start":{"line":305,"column":4},"end":{"line":307,"column":5}},"95":{"start":{"line":306,"column":8},"end":{"line":306,"column":66}},"96":{"start":{"line":310,"column":23},"end":{"line":310,"column":52}},"97":{"start":{"line":311,"column":31},"end":{"line":311,"column":67}},"98":{"start":{"line":312,"column":30},"end":{"line":312,"column":60}},"99":{"start":{"line":315,"column":23},"end":{"line":317,"column":32}},"100":{"start":{"line":318,"column":22},"end":{"line":320,"column":31}},"101":{"start":{"line":323,"column":19},"end":{"line":323,"column":34}},"102":{"start":{"line":324,"column":30},"end":{"line":324,"column":32}},"103":{"start":{"line":327,"column":4},"end":{"line":358,"column":7}},"104":{"start":{"line":328,"column":21},"end":{"line":328,"column":39}},"105":{"start":{"line":329,"column":19},"end":{"line":329,"column":35}},"106":{"start":{"line":331,"column":8},"end":{"line":333,"column":9}},"107":{"start":{"line":332,"column":12},"end":{"line":332,"column":88}},"108":{"start":{"line":335,"column":20},"end":{"line":335,"column":40}},"109":{"start":{"line":336,"column":22},"end":{"line":336,"column":54}},"110":{"start":{"line":339,"column":31},"end":{"line":339,"column":38}},"111":{"start":{"line":340,"column":8},"end":{"line":345,"column":9}},"112":{"start":{"line":343,"column":31},"end":{"line":343,"column":72}},"113":{"start":{"line":344,"column":12},"end":{"line":344,"column":52}},"114":{"start":{"line":347,"column":8},"end":{"line":347,"column":72}},"115":{"start":{"line":349,"column":8},"end":{"line":357,"column":11}},"116":{"start":{"line":361,"column":28},"end":{"line":361,"column":30}},"117":{"start":{"line":362,"column":23},"end":{"line":362,"column":27}},"118":{"start":{"line":364,"column":4},"end":{"line":398,"column":7}},"119":{"start":{"line":365,"column":21},"end":{"line":365,"column":39}},"120":{"start":{"line":366,"column":19},"end":{"line":366,"column":35}},"121":{"start":{"line":368,"column":8},"end":{"line":370,"column":9}},"122":{"start":{"line":369,"column":12},"end":{"line":369,"column":87}},"123":{"start":{"line":372,"column":20},"end":{"line":372,"column":40}},"124":{"start":{"line":373,"column":22},"end":{"line":373,"column":54}},"125":{"start":{"line":376,"column":31},"end":{"line":376,"column":38}},"126":{"start":{"line":377,"column":8},"end":{"line":380,"column":9}},"127":{"start":{"line":378,"column":31},"end":{"line":378,"column":72}},"128":{"start":{"line":379,"column":12},"end":{"line":379,"column":52}},"129":{"start":{"line":382,"column":8},"end":{"line":382,"column":72}},"130":{"start":{"line":385,"column":8},"end":{"line":387,"column":9}},"131":{"start":{"line":386,"column":12},"end":{"line":386,"column":74}},"132":{"start":{"line":389,"column":8},"end":{"line":397,"column":11}},"133":{"start":{"line":401,"column":23},"end":{"line":401,"column":65}},"134":{"start":{"line":403,"column":4},"end":{"line":422,"column":6}},"135":{"start":{"line":419,"column":57},"end":{"line":419,"column":67}},"136":{"start":{"line":420,"column":57},"end":{"line":420,"column":67}},"137":{"start":{"line":426,"column":0},"end":{"line":436,"column":2}}},"fnMap":{"0":{"name":"computeEMC","decl":{"start":{"line":21,"column":9},"end":{"line":21,"column":19}},"loc":{"start":{"line":21,"column":31},"end":{"line":37,"column":1}},"line":21},"1":{"name":"stepMoisture","decl":{"start":{"line":50,"column":9},"end":{"line":50,"column":21}},"loc":{"start":{"line":50,"column":52},"end":{"line":68,"column":1}},"line":50},"2":{"name":"celsiusToFahrenheit","decl":{"start":{"line":76,"column":9},"end":{"line":76,"column":28}},"loc":{"start":{"line":76,"column":38},"end":{"line":82,"column":1}},"line":76},"3":{"name":"fahrenheitToCelsius","decl":{"start":{"line":90,"column":9},"end":{"line":90,"column":28}},"loc":{"start":{"line":90,"column":41},"end":{"line":96,"column":1}},"line":90},"4":{"name":"runModel","decl":{"start":{"line":113,"column":9},"end":{"line":113,"column":17}},"loc":{"start":{"line":113,"column":60},"end":{"line":182,"column":1}},"line":113},"5":{"name":"(anonymous_5)","decl":{"start":{"line":131,"column":28},"end":{"line":131,"column":29}},"loc":{"start":{"line":131,"column":46},"end":{"line":169,"column":5}},"line":131},"6":{"name":"(anonymous_6)","decl":{"start":{"line":192,"column":26},"end":{"line":192,"column":27}},"loc":{"start":{"line":192,"column":37},"end":{"line":197,"column":1}},"line":192},"7":{"name":"(anonymous_7)","decl":{"start":{"line":200,"column":26},"end":{"line":200,"column":27}},"loc":{"start":{"line":200,"column":32},"end":{"line":202,"column":1}},"line":200},"8":{"name":"interpolateWeatherData","decl":{"start":{"line":213,"column":9},"end":{"line":213,"column":31}},"loc":{"start":{"line":213,"column":45},"end":{"line":227,"column":1}},"line":213},"9":{"name":"(anonymous_9)","decl":{"start":{"line":218,"column":35},"end":{"line":218,"column":36}},"loc":{"start":{"line":218,"column":41},"end":{"line":218,"column":49}},"line":218},"10":{"name":"interpolateField","decl":{"start":{"line":233,"column":9},"end":{"line":233,"column":25}},"loc":{"start":{"line":233,"column":39},"end":{"line":259,"column":1}},"line":233},"11":{"name":"predictDryingTrend","decl":{"start":{"line":285,"column":9},"end":{"line":285,"column":27}},"loc":{"start":{"line":285,"column":50},"end":{"line":423,"column":1}},"line":285},"12":{"name":"(anonymous_12)","decl":{"start":{"line":327,"column":23},"end":{"line":327,"column":24}},"loc":{"start":{"line":327,"column":41},"end":{"line":358,"column":5}},"line":327},"13":{"name":"(anonymous_13)","decl":{"start":{"line":364,"column":22},"end":{"line":364,"column":23}},"loc":{"start":{"line":364,"column":40},"end":{"line":398,"column":5}},"line":364},"14":{"name":"(anonymous_14)","decl":{"start":{"line":419,"column":52},"end":{"line":419,"column":53}},"loc":{"start":{"line":419,"column":57},"end":{"line":419,"column":67}},"line":419},"15":{"name":"(anonymous_15)","decl":{"start":{"line":420,"column":52},"end":{"line":420,"column":53}},"loc":{"start":{"line":420,"column":57},"end":{"line":420,"column":67}},"line":420}},"branchMap":{"0":{"loc":{"start":{"line":25,"column":4},"end":{"line":27,"column":5}},"type":"if","locations":[{"start":{"line":25,"column":4},"end":{"line":27,"column":5}},{"start":{},"end":{}}],"line":25},"1":{"loc":{"start":{"line":25,"column":8},"end":{"line":25,"column":37}},"type":"binary-expr","locations":[{"start":{"line":25,"column":8},"end":{"line":25,"column":20}},{"start":{"line":25,"column":24},"end":{"line":25,"column":37}}],"line":25},"2":{"loc":{"start":{"line":56,"column":4},"end":{"line":58,"column":5}},"type":"if","locations":[{"start":{"line":56,"column":4},"end":{"line":58,"column":5}},{"start":{},"end":{}}],"line":56},"3":{"loc":{"start":{"line":56,"column":8},"end":{"line":56,"column":72}},"type":"binary-expr","locations":[{"start":{"line":56,"column":8},"end":{"line":56,"column":21}},{"start":{"line":56,"column":25},"end":{"line":56,"column":38}},{"start":{"line":56,"column":42},"end":{"line":56,"column":54}},{"start":{"line":56,"column":58},"end":{"line":56,"column":72}}],"line":56},"4":{"loc":{"start":{"line":60,"column":4},"end":{"line":62,"column":5}},"type":"if","locations":[{"start":{"line":60,"column":4},"end":{"line":62,"column":5}},{"start":{},"end":{}}],"line":60},"5":{"loc":{"start":{"line":78,"column":4},"end":{"line":80,"column":5}},"type":"if","locations":[{"start":{"line":78,"column":4},"end":{"line":80,"column":5}},{"start":{},"end":{}}],"line":78},"6":{"loc":{"start":{"line":92,"column":4},"end":{"line":94,"column":5}},"type":"if","locations":[{"start":{"line":92,"column":4},"end":{"line":94,"column":5}},{"start":{},"end":{}}],"line":92},"7":{"loc":{"start":{"line":117,"column":4},"end":{"line":119,"column":5}},"type":"if","locations":[{"start":{"line":117,"column":4},"end":{"line":119,"column":5}},{"start":{},"end":{}}],"line":117},"8":{"loc":{"start":{"line":117,"column":8},"end":{"line":117,"column":39}},"type":"binary-expr","locations":[{"start":{"line":117,"column":8},"end":{"line":117,"column":21}},{"start":{"line":117,"column":25},"end":{"line":117,"column":39}}],"line":117},"9":{"loc":{"start":{"line":121,"column":4},"end":{"line":123,"column":5}},"type":"if","locations":[{"start":{"line":121,"column":4},"end":{"line":123,"column":5}},{"start":{},"end":{}}],"line":121},"10":{"loc":{"start":{"line":121,"column":8},"end":{"line":121,"column":71}},"type":"binary-expr","locations":[{"start":{"line":121,"column":8},"end":{"line":121,"column":39}},{"start":{"line":121,"column":43},"end":{"line":121,"column":71}}],"line":121},"11":{"loc":{"start":{"line":136,"column":8},"end":{"line":138,"column":9}},"type":"if","locations":[{"start":{"line":136,"column":8},"end":{"line":138,"column":9}},{"start":{},"end":{}}],"line":136},"12":{"loc":{"start":{"line":136,"column":12},"end":{"line":136,"column":64}},"type":"binary-expr","locations":[{"start":{"line":136,"column":12},"end":{"line":136,"column":27}},{"start":{"line":136,"column":31},"end":{"line":136,"column":44}},{"start":{"line":136,"column":48},"end":{"line":136,"column":64}}],"line":136},"13":{"loc":{"start":{"line":144,"column":25},"end":{"line":144,"column":58}},"type":"binary-expr","locations":[{"start":{"line":144,"column":25},"end":{"line":144,"column":36}},{"start":{"line":144,"column":40},"end":{"line":144,"column":58}}],"line":144},"14":{"loc":{"start":{"line":147,"column":8},"end":{"line":149,"column":9}},"type":"if","locations":[{"start":{"line":147,"column":8},"end":{"line":149,"column":9}},{"start":{},"end":{}}],"line":147},"15":{"loc":{"start":{"line":147,"column":12},"end":{"line":147,"column":60}},"type":"binary-expr","locations":[{"start":{"line":147,"column":12},"end":{"line":147,"column":40}},{"start":{"line":147,"column":44},"end":{"line":147,"column":60}}],"line":147},"16":{"loc":{"start":{"line":150,"column":8},"end":{"line":152,"column":9}},"type":"if","locations":[{"start":{"line":150,"column":8},"end":{"line":152,"column":9}},{"start":{},"end":{}}],"line":150},"17":{"loc":{"start":{"line":150,"column":12},"end":{"line":150,"column":62}},"type":"binary-expr","locations":[{"start":{"line":150,"column":12},"end":{"line":150,"column":41}},{"start":{"line":150,"column":45},"end":{"line":150,"column":62}}],"line":150},"18":{"loc":{"start":{"line":164,"column":8},"end":{"line":166,"column":9}},"type":"if","locations":[{"start":{"line":164,"column":8},"end":{"line":166,"column":9}},{"start":{},"end":{}}],"line":164},"19":{"loc":{"start":{"line":193,"column":4},"end":{"line":195,"column":5}},"type":"if","locations":[{"start":{"line":193,"column":4},"end":{"line":195,"column":5}},{"start":{},"end":{}}],"line":193},"20":{"loc":{"start":{"line":193,"column":8},"end":{"line":193,"column":93}},"type":"binary-expr","locations":[{"start":{"line":193,"column":8},"end":{"line":193,"column":14}},{"start":{"line":193,"column":18},"end":{"line":193,"column":55}},{"start":{"line":193,"column":59},"end":{"line":193,"column":93}}],"line":193},"21":{"loc":{"start":{"line":214,"column":4},"end":{"line":216,"column":5}},"type":"if","locations":[{"start":{"line":214,"column":4},"end":{"line":216,"column":5}},{"start":{},"end":{}}],"line":214},"22":{"loc":{"start":{"line":214,"column":8},"end":{"line":214,"column":63}},"type":"binary-expr","locations":[{"start":{"line":214,"column":8},"end":{"line":214,"column":35}},{"start":{"line":214,"column":39},"end":{"line":214,"column":63}}],"line":214},"23":{"loc":{"start":{"line":235,"column":8},"end":{"line":257,"column":9}},"type":"if","locations":[{"start":{"line":235,"column":8},"end":{"line":257,"column":9}},{"start":{},"end":{}}],"line":235},"24":{"loc":{"start":{"line":235,"column":12},"end":{"line":235,"column":104}},"type":"binary-expr","locations":[{"start":{"line":235,"column":12},"end":{"line":235,"column":35}},{"start":{"line":235,"column":39},"end":{"line":235,"column":67}},{"start":{"line":235,"column":71},"end":{"line":235,"column":104}}],"line":235},"25":{"loc":{"start":{"line":238,"column":19},"end":{"line":238,"column":147}},"type":"binary-expr","locations":[{"start":{"line":238,"column":19},"end":{"line":238,"column":31}},{"start":{"line":238,"column":36},"end":{"line":238,"column":65}},{"start":{"line":238,"column":69},"end":{"line":238,"column":103}},{"start":{"line":238,"column":107},"end":{"line":238,"column":146}}],"line":238},"26":{"loc":{"start":{"line":244,"column":19},"end":{"line":244,"column":156}},"type":"binary-expr","locations":[{"start":{"line":244,"column":19},"end":{"line":244,"column":40}},{"start":{"line":244,"column":45},"end":{"line":244,"column":74}},{"start":{"line":244,"column":78},"end":{"line":244,"column":112}},{"start":{"line":244,"column":116},"end":{"line":244,"column":155}}],"line":244},"27":{"loc":{"start":{"line":249,"column":12},"end":{"line":256,"column":13}},"type":"if","locations":[{"start":{"line":249,"column":12},"end":{"line":256,"column":13}},{"start":{"line":252,"column":19},"end":{"line":256,"column":13}}],"line":249},"28":{"loc":{"start":{"line":249,"column":16},"end":{"line":249,"column":53}},"type":"binary-expr","locations":[{"start":{"line":249,"column":16},"end":{"line":249,"column":28}},{"start":{"line":249,"column":32},"end":{"line":249,"column":53}}],"line":249},"29":{"loc":{"start":{"line":252,"column":19},"end":{"line":256,"column":13}},"type":"if","locations":[{"start":{"line":252,"column":19},"end":{"line":256,"column":13}},{"start":{"line":254,"column":19},"end":{"line":256,"column":13}}],"line":252},"30":{"loc":{"start":{"line":254,"column":19},"end":{"line":256,"column":13}},"type":"if","locations":[{"start":{"line":254,"column":19},"end":{"line":256,"column":13}},{"start":{},"end":{}}],"line":254},"31":{"loc":{"start":{"line":285,"column":36},"end":{"line":285,"column":48}},"type":"default-arg","locations":[{"start":{"line":285,"column":46},"end":{"line":285,"column":48}}],"line":285},"32":{"loc":{"start":{"line":287,"column":4},"end":{"line":289,"column":5}},"type":"if","locations":[{"start":{"line":287,"column":4},"end":{"line":289,"column":5}},{"start":{},"end":{}}],"line":287},"33":{"loc":{"start":{"line":287,"column":8},"end":{"line":287,"column":45}},"type":"binary-expr","locations":[{"start":{"line":287,"column":8},"end":{"line":287,"column":15}},{"start":{"line":287,"column":19},"end":{"line":287,"column":45}}],"line":287},"34":{"loc":{"start":{"line":292,"column":4},"end":{"line":294,"column":5}},"type":"if","locations":[{"start":{"line":292,"column":4},"end":{"line":294,"column":5}},{"start":{},"end":{}}],"line":292},"35":{"loc":{"start":{"line":292,"column":8},"end":{"line":292,"column":82}},"type":"binary-expr","locations":[{"start":{"line":292,"column":8},"end":{"line":292,"column":34}},{"start":{"line":292,"column":38},"end":{"line":292,"column":57}},{"start":{"line":292,"column":61},"end":{"line":292,"column":82}}],"line":292},"36":{"loc":{"start":{"line":296,"column":4},"end":{"line":298,"column":5}},"type":"if","locations":[{"start":{"line":296,"column":4},"end":{"line":298,"column":5}},{"start":{},"end":{}}],"line":296},"37":{"loc":{"start":{"line":296,"column":8},"end":{"line":296,"column":89}},"type":"binary-expr","locations":[{"start":{"line":296,"column":8},"end":{"line":296,"column":48}},{"start":{"line":296,"column":52},"end":{"line":296,"column":89}}],"line":296},"38":{"loc":{"start":{"line":300,"column":4},"end":{"line":302,"column":5}},"type":"if","locations":[{"start":{"line":300,"column":4},"end":{"line":302,"column":5}},{"start":{},"end":{}}],"line":300},"39":{"loc":{"start":{"line":300,"column":8},"end":{"line":300,"column":87}},"type":"binary-expr","locations":[{"start":{"line":300,"column":8},"end":{"line":300,"column":47}},{"start":{"line":300,"column":51},"end":{"line":300,"column":87}}],"line":300},"40":{"loc":{"start":{"line":305,"column":4},"end":{"line":307,"column":5}},"type":"if","locations":[{"start":{"line":305,"column":4},"end":{"line":307,"column":5}},{"start":{},"end":{}}],"line":305},"41":{"loc":{"start":{"line":305,"column":8},"end":{"line":305,"column":42}},"type":"binary-expr","locations":[{"start":{"line":305,"column":8},"end":{"line":305,"column":26}},{"start":{"line":305,"column":30},"end":{"line":305,"column":42}}],"line":305},"42":{"loc":{"start":{"line":310,"column":23},"end":{"line":310,"column":52}},"type":"binary-expr","locations":[{"start":{"line":310,"column":23},"end":{"line":310,"column":41}},{"start":{"line":310,"column":45},"end":{"line":310,"column":52}}],"line":310},"43":{"loc":{"start":{"line":312,"column":30},"end":{"line":312,"column":60}},"type":"binary-expr","locations":[{"start":{"line":312,"column":30},"end":{"line":312,"column":55}},{"start":{"line":312,"column":59},"end":{"line":312,"column":60}}],"line":312},"44":{"loc":{"start":{"line":315,"column":23},"end":{"line":317,"column":32}},"type":"cond-expr","locations":[{"start":{"line":316,"column":8},"end":{"line":316,"column":56}},{"start":{"line":317,"column":8},"end":{"line":317,"column":32}}],"line":315},"45":{"loc":{"start":{"line":318,"column":22},"end":{"line":320,"column":31}},"type":"cond-expr","locations":[{"start":{"line":319,"column":8},"end":{"line":319,"column":55}},{"start":{"line":320,"column":8},"end":{"line":320,"column":31}}],"line":318},"46":{"loc":{"start":{"line":331,"column":8},"end":{"line":333,"column":9}},"type":"if","locations":[{"start":{"line":331,"column":8},"end":{"line":333,"column":9}},{"start":{},"end":{}}],"line":331},"47":{"loc":{"start":{"line":331,"column":12},"end":{"line":331,"column":44}},"type":"binary-expr","locations":[{"start":{"line":331,"column":12},"end":{"line":331,"column":27}},{"start":{"line":331,"column":31},"end":{"line":331,"column":44}}],"line":331},"48":{"loc":{"start":{"line":336,"column":22},"end":{"line":336,"column":54}},"type":"cond-expr","locations":[{"start":{"line":336,"column":48},"end":{"line":336,"column":49}},{"start":{"line":336,"column":52},"end":{"line":336,"column":54}}],"line":336},"49":{"loc":{"start":{"line":340,"column":8},"end":{"line":345,"column":9}},"type":"if","locations":[{"start":{"line":340,"column":8},"end":{"line":345,"column":9}},{"start":{},"end":{}}],"line":340},"50":{"loc":{"start":{"line":340,"column":12},"end":{"line":340,"column":54}},"type":"binary-expr","locations":[{"start":{"line":340,"column":12},"end":{"line":340,"column":36}},{"start":{"line":340,"column":40},"end":{"line":340,"column":54}}],"line":340},"51":{"loc":{"start":{"line":350,"column":20},"end":{"line":350,"column":68}},"type":"binary-expr","locations":[{"start":{"line":350,"column":20},"end":{"line":350,"column":35}},{"start":{"line":350,"column":39},"end":{"line":350,"column":68}}],"line":350},"52":{"loc":{"start":{"line":368,"column":8},"end":{"line":370,"column":9}},"type":"if","locations":[{"start":{"line":368,"column":8},"end":{"line":370,"column":9}},{"start":{},"end":{}}],"line":368},"53":{"loc":{"start":{"line":368,"column":12},"end":{"line":368,"column":44}},"type":"binary-expr","locations":[{"start":{"line":368,"column":12},"end":{"line":368,"column":27}},{"start":{"line":368,"column":31},"end":{"line":368,"column":44}}],"line":368},"54":{"loc":{"start":{"line":373,"column":22},"end":{"line":373,"column":54}},"type":"cond-expr","locations":[{"start":{"line":373,"column":48},"end":{"line":373,"column":49}},{"start":{"line":373,"column":52},"end":{"line":373,"column":54}}],"line":373},"55":{"loc":{"start":{"line":377,"column":8},"end":{"line":380,"column":9}},"type":"if","locations":[{"start":{"line":377,"column":8},"end":{"line":380,"column":9}},{"start":{},"end":{}}],"line":377},"56":{"loc":{"start":{"line":377,"column":12},"end":{"line":377,"column":54}},"type":"binary-expr","locations":[{"start":{"line":377,"column":12},"end":{"line":377,"column":36}},{"start":{"line":377,"column":40},"end":{"line":377,"column":54}}],"line":377},"57":{"loc":{"start":{"line":385,"column":8},"end":{"line":387,"column":9}},"type":"if","locations":[{"start":{"line":385,"column":8},"end":{"line":387,"column":9}},{"start":{},"end":{}}],"line":385},"58":{"loc":{"start":{"line":385,"column":12},"end":{"line":385,"column":66}},"type":"binary-expr","locations":[{"start":{"line":385,"column":12},"end":{"line":385,"column":33}},{"start":{"line":385,"column":37},"end":{"line":385,"column":66}}],"line":385},"59":{"loc":{"start":{"line":386,"column":27},"end":{"line":386,"column":73}},"type":"binary-expr","locations":[{"start":{"line":386,"column":27},"end":{"line":386,"column":42}},{"start":{"line":386,"column":46},"end":{"line":386,"column":73}}],"line":386},"60":{"loc":{"start":{"line":390,"column":20},"end":{"line":390,"column":66}},"type":"binary-expr","locations":[{"start":{"line":390,"column":20},"end":{"line":390,"column":35}},{"start":{"line":390,"column":39},"end":{"line":390,"column":66}}],"line":390}},"s":{"0":252,"1":252,"2":252,"3":2,"4":250,"5":250,"6":250,"7":258,"8":258,"9":258,"10":258,"11":258,"12":0,"13":258,"14":2,"15":256,"16":256,"17":3,"18":3,"19":0,"20":3,"21":3,"22":3,"23":0,"24":3,"25":4,"26":4,"27":4,"28":0,"29":4,"30":1,"31":3,"32":3,"33":3,"34":3,"35":3,"36":3,"37":6,"38":6,"39":6,"40":6,"41":0,"42":6,"43":6,"44":6,"45":6,"46":6,"47":1,"48":6,"49":1,"50":6,"51":6,"52":1,"53":6,"54":3,"55":2,"56":2,"57":1,"58":1,"59":2,"60":0,"61":26,"62":1,"63":25,"64":259,"65":25,"66":25,"67":25,"68":50,"69":50,"70":518,"71":8,"72":8,"73":0,"74":8,"75":8,"76":2,"77":8,"78":6,"79":6,"80":2,"81":1,"82":1,"83":1,"84":16,"85":0,"86":16,"87":16,"88":2,"89":14,"90":1,"91":13,"92":1,"93":12,"94":12,"95":2,"96":10,"97":10,"98":10,"99":10,"100":10,"101":10,"102":10,"103":10,"104":117,"105":117,"106":117,"107":0,"108":117,"109":117,"110":117,"111":117,"112":0,"113":0,"114":117,"115":117,"116":10,"117":10,"118":10,"119":126,"120":126,"121":126,"122":0,"123":126,"124":126,"125":126,"126":126,"127":2,"128":2,"129":126,"130":126,"131":2,"132":126,"133":10,"134":10,"135":243,"136":243,"137":2},"f":{"0":252,"1":258,"2":3,"3":3,"4":4,"5":6,"6":2,"7":0,"8":26,"9":259,"10":50,"11":16,"12":117,"13":126,"14":243,"15":243},"b":{"0":[2,250],"1":[252,251],"2":[0,258],"3":[258,258,258,258],"4":[2,256],"5":[0,3],"6":[0,3],"7":[0,4],"8":[4,4],"9":[1,3],"10":[4,4],"11":[0,6],"12":[6,6,6],"13":[6,5],"14":[1,5],"15":[6,4],"16":[1,5],"17":[6,5],"18":[1,5],"19":[1,1],"20":[2,1,1],"21":[1,25],"22":[26,26],"23":[8,510],"24":[518,510,510],"25":[8,7,7,7],"26":[10,9,7,7],"27":[6,2],"28":[8,7],"29":[1,1],"30":[1,0],"31":[15],"32":[0,16],"33":[16,16],"34":[2,14],"35":[16,16,15],"36":[1,13],"37":[14,14],"38":[1,12],"39":[13,13],"40":[2,10],"41":[12,12],"42":[10,10],"43":[10,9],"44":[10,0],"45":[10,0],"46":[0,117],"47":[117,117],"48":[0,117],"49":[0,117],"50":[117,0],"51":[117,117],"52":[0,126],"53":[126,126],"54":[0,126],"55":[2,124],"56":[126,2],"57":[2,124],"58":[126,101],"59":[2,2],"60":[126,126]},"_coverageSchema":"1a1c01bbd47fc00a2c39e90264f33305004495a9","hash":"74e1160c242fb6369854114eb544b7e272c2236d"}
}
