{"/home/runner/work/fuel-moisture-calculator/fuel-moisture-calculator/fuel-moisture-calculator.js": {"path":"/home/runner/work/fuel-moisture-calculator/fuel-moisture-calculator/fuel-moisture-calculator.js","statementMap":{"0":{"start":{"line":9,"column":26},"end":{"line":14,"column":1}},"1":{"start":{"line":10,"column":4},"end":{"line":12,"column":5}},"2":{"start":{"line":11,"column":8},"end":{"line":11,"column":63}},"3":{"start":{"line":13,"column":4},"end":{"line":13,"column":65}},"4":{"start":{"line":17,"column":26},"end":{"line":19,"column":1}},"5":{"start":{"line":18,"column":4},"end":{"line":18,"column":16}},"6":{"start":{"line":22,"column":0},"end":{"line":22,"column":58}}},"fnMap":{"0":{"name":"(anonymous_0)","decl":{"start":{"line":9,"column":26},"end":{"line":9,"column":27}},"loc":{"start":{"line":9,"column":37},"end":{"line":14,"column":1}},"line":9},"1":{"name":"(anonymous_1)","decl":{"start":{"line":17,"column":26},"end":{"line":17,"column":27}},"loc":{"start":{"line":17,"column":32},"end":{"line":19,"column":1}},"line":17}},"branchMap":{"0":{"loc":{"start":{"line":10,"column":4},"end":{"line":12,"column":5}},"type":"if","locations":[{"start":{"line":10,"column":4},"end":{"line":12,"column":5}},{"start":{},"end":{}}],"line":10},"1":{"loc":{"start":{"line":10,"column":8},"end":{"line":10,"column":93}},"type":"binary-expr","locations":[{"start":{"line":10,"column":8},"end":{"line":10,"column":14}},{"start":{"line":10,"column":18},"end":{"line":10,"column":55}},{"start":{"line":10,"column":59},"end":{"line":10,"column":93}}],"line":10}},"s":{"0":1,"1":2,"2":1,"3":1,"4":1,"5":0,"6":1},"f":{"0":2,"1":0},"b":{"0":[1,1],"1":[2,1,1]},"_coverageSchema":"1a1c01bbd47fc00a2c39e90264f33305004495a9","hash":"1a9aa875a6ca92d1906c4d649776c6bc7dc9bddb"}
}
