TN:
SF:fuel-moisture-calculator.js
FN:21,computeEMC
FN:50,stepMoisture
FN:76,celsiusToFahrenheit
FN:90,fahrenheitToCelsius
FN:113,runModel
FN:131,(anonymous_5)
FN:192,(anonymous_6)
FN:200,(anonymous_7)
FN:213,interpolateWeatherData
FN:218,(anonymous_9)
FN:233,interpolateField
FN:285,predictDryingTrend
FN:327,(anonymous_12)
FN:364,(anonymous_13)
FN:419,(anonymous_14)
FN:420,(anonymous_15)
FNF:16
FNH:15
FNDA:252,computeEMC
FNDA:258,stepMoisture
FNDA:3,celsiusToFahrenheit
FNDA:3,fahrenheitToCelsius
FNDA:4,runModel
FNDA:6,(anonymous_5)
FNDA:2,(anonymous_6)
FNDA:0,(anonymous_7)
FNDA:26,interpolateWeatherData
FNDA:259,(anonymous_9)
FNDA:50,interpolateField
FNDA:16,predictDryingTrend
FNDA:117,(anonymous_12)
FNDA:126,(anonymous_13)
FNDA:243,(anonymous_14)
FNDA:243,(anonymous_15)
DA:22,252
DA:23,252
DA:25,252
DA:26,2
DA:30,250
DA:34,250
DA:36,250
DA:51,258
DA:52,258
DA:53,258
DA:54,258
DA:56,258
DA:57,0
DA:60,258
DA:61,2
DA:65,256
DA:67,256
DA:77,3
DA:78,3
DA:79,0
DA:81,3
DA:91,3
DA:92,3
DA:93,0
DA:95,3
DA:114,4
DA:115,4
DA:117,4
DA:118,0
DA:121,4
DA:122,1
DA:125,3
DA:126,3
DA:127,3
DA:128,3
DA:129,3
DA:131,3
DA:132,6
DA:133,6
DA:134,6
DA:136,6
DA:137,0
DA:140,6
DA:141,6
DA:142,6
DA:144,6
DA:147,6
DA:148,1
DA:150,6
DA:151,1
DA:154,6
DA:164,6
DA:165,1
DA:168,6
DA:171,3
DA:192,2
DA:193,2
DA:194,1
DA:196,1
DA:200,2
DA:201,0
DA:214,26
DA:215,1
DA:218,259
DA:221,25
DA:224,25
DA:226,25
DA:234,50
DA:235,518
DA:237,8
DA:238,8
DA:239,0
DA:243,8
DA:244,8
DA:245,2
DA:249,8
DA:250,6
DA:251,6
DA:252,2
DA:253,1
DA:254,1
DA:255,1
DA:287,16
DA:288,0
DA:291,16
DA:292,16
DA:293,2
DA:296,14
DA:297,1
DA:300,13
DA:301,1
DA:304,12
DA:305,12
DA:306,2
DA:310,10
DA:311,10
DA:312,10
DA:315,10
DA:318,10
DA:323,10
DA:324,10
DA:327,10
DA:328,117
DA:329,117
DA:331,117
DA:332,0
DA:335,117
DA:336,117
DA:339,117
DA:340,117
DA:343,0
DA:344,0
DA:347,117
DA:349,117
DA:361,10
DA:362,10
DA:364,10
DA:365,126
DA:366,126
DA:368,126
DA:369,0
DA:372,126
DA:373,126
DA:376,126
DA:377,126
DA:378,2
DA:379,2
DA:382,126
DA:385,126
DA:386,2
DA:389,126
DA:401,10
DA:403,10
DA:419,243
DA:420,243
DA:426,2
LF:136
LH:124
BRDA:25,0,0,2
BRDA:25,0,1,250
BRDA:25,1,0,252
BRDA:25,1,1,251
BRDA:56,2,0,0
BRDA:56,2,1,258
BRDA:56,3,0,258
BRDA:56,3,1,258
BRDA:56,3,2,258
BRDA:56,3,3,258
BRDA:60,4,0,2
BRDA:60,4,1,256
BRDA:78,5,0,0
BRDA:78,5,1,3
BRDA:92,6,0,0
BRDA:92,6,1,3
BRDA:117,7,0,0
BRDA:117,7,1,4
BRDA:117,8,0,4
BRDA:117,8,1,4
BRDA:121,9,0,1
BRDA:121,9,1,3
BRDA:121,10,0,4
BRDA:121,10,1,4
BRDA:136,11,0,0
BRDA:136,11,1,6
BRDA:136,12,0,6
BRDA:136,12,1,6
BRDA:136,12,2,6
BRDA:144,13,0,6
BRDA:144,13,1,5
BRDA:147,14,0,1
BRDA:147,14,1,5
BRDA:147,15,0,6
BRDA:147,15,1,4
BRDA:150,16,0,1
BRDA:150,16,1,5
BRDA:150,17,0,6
BRDA:150,17,1,5
BRDA:164,18,0,1
BRDA:164,18,1,5
BRDA:193,19,0,1
BRDA:193,19,1,1
BRDA:193,20,0,2
BRDA:193,20,1,1
BRDA:193,20,2,1
BRDA:214,21,0,1
BRDA:214,21,1,25
BRDA:214,22,0,26
BRDA:214,22,1,26
BRDA:235,23,0,8
BRDA:235,23,1,510
BRDA:235,24,0,518
BRDA:235,24,1,510
BRDA:235,24,2,510
BRDA:238,25,0,8
BRDA:238,25,1,7
BRDA:238,25,2,7
BRDA:238,25,3,7
BRDA:244,26,0,10
BRDA:244,26,1,9
BRDA:244,26,2,7
BRDA:244,26,3,7
BRDA:249,27,0,6
BRDA:249,27,1,2
BRDA:249,28,0,8
BRDA:249,28,1,7
BRDA:252,29,0,1
BRDA:252,29,1,1
BRDA:254,30,0,1
BRDA:254,30,1,0
BRDA:285,31,0,15
BRDA:287,32,0,0
BRDA:287,32,1,16
BRDA:287,33,0,16
BRDA:287,33,1,16
BRDA:292,34,0,2
BRDA:292,34,1,14
BRDA:292,35,0,16
BRDA:292,35,1,16
BRDA:292,35,2,15
BRDA:296,36,0,1
BRDA:296,36,1,13
BRDA:296,37,0,14
BRDA:296,37,1,14
BRDA:300,38,0,1
BRDA:300,38,1,12
BRDA:300,39,0,13
BRDA:300,39,1,13
BRDA:305,40,0,2
BRDA:305,40,1,10
BRDA:305,41,0,12
BRDA:305,41,1,12
BRDA:310,42,0,10
BRDA:310,42,1,10
BRDA:312,43,0,10
BRDA:312,43,1,9
BRDA:315,44,0,10
BRDA:315,44,1,0
BRDA:318,45,0,10
BRDA:318,45,1,0
BRDA:331,46,0,0
BRDA:331,46,1,117
BRDA:331,47,0,117
BRDA:331,47,1,117
BRDA:336,48,0,0
BRDA:336,48,1,117
BRDA:340,49,0,0
BRDA:340,49,1,117
BRDA:340,50,0,117
BRDA:340,50,1,0
BRDA:350,51,0,117
BRDA:350,51,1,117
BRDA:368,52,0,0
BRDA:368,52,1,126
BRDA:368,53,0,126
BRDA:368,53,1,126
BRDA:373,54,0,0
BRDA:373,54,1,126
BRDA:377,55,0,2
BRDA:377,55,1,124
BRDA:377,56,0,126
BRDA:377,56,1,2
BRDA:385,57,0,2
BRDA:385,57,1,124
BRDA:385,58,0,126
BRDA:385,58,1,101
BRDA:386,59,0,2
BRDA:386,59,1,2
BRDA:390,60,0,126
BRDA:390,60,1,126
BRF:131
BRH:116
end_of_record
